[debug] [2021-03-25T01:29:16.372Z] ----------------------------------------------------------------------
[debug] [2021-03-25T01:29:16.374Z] Command:       D:\Usuario\DOWNLO~1\firebase-tools-instant-win.exe C:\Users\Usuario\.cache\firebase\tools\lib\node_modules\firebase-tools\lib\bin\firebase init
[debug] [2021-03-25T01:29:16.375Z] CLI Version:   9.6.1
[debug] [2021-03-25T01:29:16.375Z] Platform:      win32
[debug] [2021-03-25T01:29:16.375Z] Node Version:  v12.18.1
[debug] [2021-03-25T01:29:16.376Z] Time:          Wed Mar 24 2021 20:29:16 GMT-0500 (GMT-05:00)
[debug] [2021-03-25T01:29:16.376Z] ----------------------------------------------------------------------
[debug] [2021-03-25T01:29:16.376Z] 
[debug] [2021-03-25T01:29:16.382Z] > command requires scopes: ["email","openid","https://www.googleapis.com/auth/cloudplatformprojects.readonly","https://www.googleapis.com/auth/firebase","https://www.googleapis.com/auth/cloud-platform"]
[debug] [2021-03-25T01:29:16.383Z] > authorizing via signed-in user
[info] 
     ######## #### ########  ######## ########     ###     ######  ########
     ##        ##  ##     ## ##       ##     ##  ##   ##  ##       ##
     ######    ##  ########  ######   ########  #########  ######  ######
     ##        ##  ##    ##  ##       ##     ## ##     ##       ## ##
     ##       #### ##     ## ######## ########  ##     ##  ######  ########

You're about to initialize a Firebase project in this directory:

  D:\ESCUELA_DE_DESARROLLO_WEB\REACT-HOOKS\iam-hooks\iam-hooks

[info] 
=== Project Setup
[info] 
[info] First, let's associate this project directory with a Firebase project.
[info] You can create multiple project aliases by running firebase use --add, 
[info] but for now we'll just set up a default project.
[info] 
[debug] [2021-03-25T01:32:30.659Z] >>> [apiv2][query] GET https://firebase.googleapis.com/v1beta1/projects pageSize=100
[debug] [2021-03-25T01:32:32.843Z] <<< [apiv2][status] GET https://firebase.googleapis.com/v1beta1/projects 200
[debug] [2021-03-25T01:32:32.844Z] <<< [apiv2][body] GET https://firebase.googleapis.com/v1beta1/projects [omitted]
[info] i  Using project xbrand-cd511 (xbrand) 
[info] 
=== Hosting Setup
[info] 
[info] Your public directory is the folder (relative to your project directory) that
[info] will contain Hosting assets to be uploaded with firebase deploy. If you
[info] have a build process for your assets, use your build's output directory.
[info] 
[debug] [2021-03-25T01:33:36.417Z] >>> [apiv2][query] GET https://www.gstatic.com/firebasejs/releases.json [none]
[debug] [2021-03-25T01:33:36.708Z] <<< [apiv2][status] GET https://www.gstatic.com/firebasejs/releases.json 200
[debug] [2021-03-25T01:33:36.709Z] <<< [apiv2][body] GET https://www.gstatic.com/firebasejs/releases.json {"current":{"version":"8.3.1","browserURL":"https://www.gstatic.com/firebasejs/8.3.1/firebase.js","packageURL":"https://www.gstatic.com/firebasejs/8.3.1/firebase.tgz"},"live":{"version":"8.3","browserURL":"https://www.gstatic.com/firebasejs/live/8.3/firebase.js","packageURL":"https://www.gstatic.com/firebasejs/live/8.3/firebase.tgz"},"components":{"analytics":"https://www.gstatic.com/firebasejs/8.3.1/firebase-analytics.js","app":"https://www.gstatic.com/firebasejs/8.3.1/firebase-app.js","auth":"https://www.gstatic.com/firebasejs/8.3.1/firebase-auth.js","database":"https://www.gstatic.com/firebasejs/8.3.1/firebase-database.js","firestore":"https://www.gstatic.com/firebasejs/8.3.1/firebase-firestore.js","functions":"https://www.gstatic.com/firebasejs/8.3.1/firebase-functions.js","installations":"https://www.gstatic.com/firebasejs/8.3.1/firebase-installations.js","messaging":"https://www.gstatic.com/firebasejs/8.3.1/firebase-messaging.js","storage":"https://www.gstatic.com/firebasejs/8.3.1/firebase-storage.js","performance":"https://www.gstatic.com/firebasejs/8.3.1/firebase-performance.js","remote-config":"https://www.gstatic.com/firebasejs/8.3.1/firebase-remote-config.js","firestore.memory":"https://www.gstatic.com/firebasejs/8.3.1/firebase-firestore.memory.js"}}
[info] +  Wrote dist/index.html 
[info] 
[info] i  Writing configuration info to firebase.json... 
[info] i  Writing project information to .firebaserc... 
[info] 
[info] +  Firebase initialization complete! 
