[debug] [2021-03-25T01:40:44.889Z] ----------------------------------------------------------------------
[debug] [2021-03-25T01:40:44.892Z] Command:       D:\Usuario\DOWNLO~1\firebase-tools-instant-win.exe C:\Users\Usuario\.cache\firebase\tools\lib\node_modules\firebase-tools\lib\bin\firebase login:ci
[debug] [2021-03-25T01:40:44.892Z] CLI Version:   9.6.1
[debug] [2021-03-25T01:40:44.892Z] Platform:      win32
[debug] [2021-03-25T01:40:44.892Z] Node Version:  v12.18.1
[debug] [2021-03-25T01:40:44.893Z] Time:          Wed Mar 24 2021 20:40:44 GMT-0500 (GMT-05:00)
[debug] [2021-03-25T01:40:44.894Z] ----------------------------------------------------------------------
[debug] [2021-03-25T01:40:44.894Z] 
[info] 
[info] Visit this URL on this device to log in:
[info] https://accounts.google.com/o/oauth2/auth?client_id=563584335869-fgrhgmd47bqnekij5i8b5pr03ho849e6.apps.googleusercontent.com&scope=email%20openid%20https%3A%2F%2Fwww.googleapis.com%2Fauth%2Fcloudplatformprojects.readonly%20https%3A%2F%2Fwww.googleapis.com%2Fauth%2Ffirebase%20https%3A%2F%2Fwww.googleapis.com%2Fauth%2Fcloud-platform&response_type=code&state=638200223&redirect_uri=http%3A%2F%2Flocalhost%3A9005
[info] 
[info] Waiting for authentication...
[debug] [2021-03-25T01:41:02.725Z] >>> HTTP REQUEST POST https://accounts.google.com/o/oauth2/token  
 {"code":"4/0AY0e-g6coBHUhZj_DVM2SX4JQjzn_DTIpASmegLwf5_mZrlsxB8T4NCX5bcBBID98wfYjw","client_id":"563584335869-fgrhgmd47bqnekij5i8b5pr03ho849e6.apps.googleusercontent.com","client_secret":"j9iVZfS8kkCEFUPaAeJV0sAi","redirect_uri":"http://localhost:9005","grant_type":"authorization_code"}
[debug] [2021-03-25T01:41:03.093Z] <<< HTTP RESPONSE 200 {"pragma":"no-cache","expires":"Mon, 01 Jan 1990 00:00:00 GMT","cache-control":"no-cache, no-store, max-age=0, must-revalidate","date":"Thu, 25 Mar 2021 01:41:03 GMT","content-type":"application/json; charset=utf-8","vary":"X-Origin, Referer, Origin,Accept-Encoding","server":"scaffolding on HTTPServer2","x-xss-protection":"0","x-frame-options":"SAMEORIGIN","x-content-type-options":"nosniff","alt-svc":"h3-29=\":443\"; ma=2592000,h3-T051=\":443\"; ma=2592000,h3-Q050=\":443\"; ma=2592000,h3-Q046=\":443\"; ma=2592000,h3-Q043=\":443\"; ma=2592000,quic=\":443\"; ma=2592000; v=\"46,43\"","accept-ranges":"none","transfer-encoding":"chunked"}
[info] 
[info] +  Success! Use this token to login on a CI server:

1//05A4YL__OLz9VCgYIARAAGAUSNwF-L9IrHMuzQemaqMsEBEPzbMuSOgMep4gtqSOWP3epUQSUbls8LYF0rXtb__8OufAJvV-04Ts

Example: firebase deploy --token "$FIREBASE_TOKEN"
 
